<?xml version="1.0" encoding="UTF-8"?>
<!-- Generated by org.testng.reporters.JUnitXMLReporter -->
<testsuite hostname="sirius-PC" name="test1" tests="1" failures="0" timestamp="14 Feb 2019 06:26:25 GMT" time="0.483" errors="0">
  <testcase name="@BeforeClass setup" time="0.0" classname="com.cucumber.runner.TestNGCukesRunner">
    <failure type="java.lang.NullPointerException">
      <![CDATA[java.lang.NullPointerException
	at com.cucumber.listener.Reporter.assignAuthor(Reporter.java:89)
	at com.cucumber.runner.TestNGCukesRunner.setup(TestNGCukesRunner.java:26)
	at java.util.concurrent.ThreadPoolExecutor.runWorker(ThreadPoolExecutor.java:1149)
	at java.util.concurrent.ThreadPoolExecutor$Worker.run(ThreadPoolExecutor.java:624)
	at java.lang.Thread.run(Thread.java:748)
... Removed 10 stack frames]]>
    </failure>
  </testcase> <!-- @BeforeClass setup -->
  <testcase name="@AfterClass teardown" time="0.0" classname="com.cucumber.runner.TestNGCukesRunner">
    <skipped/>
  </testcase> <!-- @AfterClass teardown -->
  <testcase name="feature" time="0.003" classname="com.cucumber.runner.TestNGCukesRunner">
    <skipped/>
  </testcase> <!-- feature -->
</testsuite> <!-- test1 -->
