<?xml version="1.0" encoding="UTF-8"?>
<!-- Generated by org.testng.reporters.JUnitXMLReporter -->
<testsuite hostname="sirius-PC" name="test" tests="3" failures="0" timestamp="14 Feb 2019 06:26:24 GMT" time="3.384" errors="0">
  <testcase name="feature" time="0.836" classname="com.cucumber.runner.MyTestNGCukesRunner"/>
  <testcase name="feature" time="0.027" classname="com.cucumber.runner.MyTestNGCukesRunner"/>
  <testcase name="feature" time="0.03" classname="com.cucumber.runner.MyTestNGCukesRunner"/>
</testsuite> <!-- test -->
